{"created": 1763597446.5901964, "duration": 16.972975254058838, "exitcode": 0, "root": "/dockerx/rocm/rocm-jax/jax", "environment": {}, "summary": {"passed": 15, "skipped": 1, "total": 16, "collected": 16}, "collectors": [{"nodeid": "", "outcome": "passed", "result": [{"nodeid": "tests/debugger_test.py", "type": "Module"}]}, {"nodeid": "tests/debugger_test.py::CliDebuggerTest", "outcome": "passed", "result": [{"nodeid": "tests/debugger_test.py::CliDebuggerTest::test_can_handle_dictionaries_with_unsortable_keys", "type": "TestCaseFunction", "lineno": 386}, {"nodeid": "tests/debugger_test.py::CliDebuggerTest::test_can_limit_num_frames", "type": "TestCaseFunction", "lineno": 342}, {"nodeid": "tests/debugger_test.py::CliDebuggerTest::test_can_use_multiple_breakpoints", "type": "TestCaseFunction", "lineno": 203}, {"nodeid": "tests/debugger_test.py::CliDebuggerTest::test_debugger_accesses_globals", "type": "TestCaseFunction", "lineno": 327}, {"nodeid": "tests/debugger_test.py::CliDebuggerTest::test_debugger_can_continue", "type": "TestCaseFunction", "lineno": 66}, {"nodeid": "tests/debugger_test.py::CliDebuggerTest::test_debugger_can_print_backtrace", "type": "TestCaseFunction", "lineno": 149}, {"nodeid": "tests/debugger_test.py::CliDebuggerTest::test_debugger_can_print_context", "type": "TestCaseFunction", "lineno": 127}, {"nodeid": "tests/debugger_test.py::CliDebuggerTest::test_debugger_can_print_multiple_values", "type": "TestCaseFunction", "lineno": 111}, {"nodeid": "tests/debugger_test.py::CliDebuggerTest::test_debugger_can_print_value", "type": "TestCaseFunction", "lineno": 80}, {"nodeid": "tests/debugger_test.py::CliDebuggerTest::test_debugger_can_print_value_in_jit", "type": "TestCaseFunction", "lineno": 95}, {"nodeid": "tests/debugger_test.py::CliDebuggerTest::test_debugger_can_work_with_multiple_stack_frames", "type": "TestCaseFunction", "lineno": 165}, {"nodeid": "tests/debugger_test.py::CliDebuggerTest::test_debugger_eof", "type": "TestCaseFunction", "lineno": 55}, {"nodeid": "tests/debugger_test.py::CliDebuggerTest::test_debugger_uses_local_before_global_scope", "type": "TestCaseFunction", "lineno": 307}, {"nodeid": "tests/debugger_test.py::CliDebuggerTest::test_debugger_works_with_jit", "type": "TestCaseFunction", "lineno": 277}, {"nodeid": "tests/debugger_test.py::CliDebuggerTest::test_debugger_works_with_pmap", "type": "TestCaseFunction", "lineno": 252}, {"nodeid": "tests/debugger_test.py::CliDebuggerTest::test_debugger_works_with_vmap", "type": "TestCaseFunction", "lineno": 228}]}, {"nodeid": "tests/debugger_test.py", "outcome": "passed", "result": [{"nodeid": "tests/debugger_test.py::CliDebuggerTest", "type": "UnitTestCase"}]}], "tests": [{"nodeid": "tests/debugger_test.py::CliDebuggerTest::test_can_handle_dictionaries_with_unsortable_keys", "lineno": 386, "outcome": "passed", "keywords": ["test_can_handle_dictionaries_with_unsortable_keys", "CliDebuggerTest", "debugger_test.py", "tests", "jax", ""], "setup": {"duration": 0.0003031184896826744, "outcome": "passed"}, "call": {"duration": 13.542010209523141, "outcome": "passed"}, "teardown": {"duration": 0.0001340378075838089, "outcome": "passed"}}, {"nodeid": "tests/debugger_test.py::CliDebuggerTest::test_can_limit_num_frames", "lineno": 342, "outcome": "passed", "keywords": ["test_can_limit_num_frames", "CliDebuggerTest", "debugger_test.py", "tests", "jax", ""], "setup": {"duration": 0.00020613428205251694, "outcome": "passed"}, "call": {"duration": 0.14713942259550095, "outcome": "passed"}, "teardown": {"duration": 0.00012490525841712952, "outcome": "passed"}}, {"nodeid": "tests/debugger_test.py::CliDebuggerTest::test_can_use_multiple_breakpoints", "lineno": 203, "outcome": "passed", "keywords": ["test_can_use_multiple_breakpoints", "CliDebuggerTest", "debugger_test.py", "tests", "jax", ""], "setup": {"duration": 0.0001852530986070633, "outcome": "passed"}, "call": {"duration": 0.2937254495918751, "outcome": "passed"}, "teardown": {"duration": 0.00011262670159339905, "outcome": "passed"}}, {"nodeid": "tests/debugger_test.py::CliDebuggerTest::test_debugger_accesses_globals", "lineno": 327, "outcome": "passed", "keywords": ["test_debugger_accesses_globals", "CliDebuggerTest", "debugger_test.py", "tests", "jax", ""], "setup": {"duration": 0.00018878839910030365, "outcome": "passed"}, "call": {"duration": 0.14133250061422586, "outcome": "passed"}, "teardown": {"duration": 0.00011564139276742935, "outcome": "passed"}}, {"nodeid": "tests/debugger_test.py::CliDebuggerTest::test_debugger_can_continue", "lineno": 66, "outcome": "passed", "keywords": ["test_debugger_can_continue", "CliDebuggerTest", "debugger_test.py", "tests", "jax", ""], "setup": {"duration": 0.0001922035589814186, "outcome": "passed"}, "call": {"duration": 0.17448888439685106, "outcome": "passed"}, "teardown": {"duration": 0.00011296756565570831, "outcome": "passed"}}, {"nodeid": "tests/debugger_test.py::CliDebuggerTest::test_debugger_can_print_backtrace", "lineno": 149, "outcome": "passed", "keywords": ["test_debugger_can_print_backtrace", "CliDebuggerTest", "debugger_test.py", "tests", "jax", ""], "setup": {"duration": 0.00018583331257104874, "outcome": "passed"}, "call": {"duration": 0.03940117359161377, "outcome": "passed"}, "teardown": {"duration": 9.793508797883987e-05, "outcome": "passed"}}, {"nodeid": "tests/debugger_test.py::CliDebuggerTest::test_debugger_can_print_context", "lineno": 127, "outcome": "passed", "keywords": ["test_debugger_can_print_context", "CliDebuggerTest", "debugger_test.py", "tests", "jax", ""], "setup": {"duration": 0.00017781369388103485, "outcome": "passed"}, "call": {"duration": 0.038588592782616615, "outcome": "passed"}, "teardown": {"duration": 0.00010354258120059967, "outcome": "passed"}}, {"nodeid": "tests/debugger_test.py::CliDebuggerTest::test_debugger_can_print_multiple_values", "lineno": 111, "outcome": "passed", "keywords": ["test_debugger_can_print_multiple_values", "CliDebuggerTest", "debugger_test.py", "tests", "jax", ""], "setup": {"duration": 0.0001752590760588646, "outcome": "passed"}, "call": {"duration": 0.15539592131972313, "outcome": "passed"}, "teardown": {"duration": 0.00011245626956224442, "outcome": "passed"}}, {"nodeid": "tests/debugger_test.py::CliDebuggerTest::test_debugger_can_print_value", "lineno": 80, "outcome": "passed", "keywords": ["test_debugger_can_print_value", "CliDebuggerTest", "debugger_test.py", "tests", "jax", ""], "setup": {"duration": 0.00019127316772937775, "outcome": "passed"}, "call": {"duration": 0.10311287268996239, "outcome": "passed"}, "teardown": {"duration": 0.00012346263974905014, "outcome": "passed"}}, {"nodeid": "tests/debugger_test.py::CliDebuggerTest::test_debugger_can_print_value_in_jit", "lineno": 95, "outcome": "passed", "keywords": ["test_debugger_can_print_value_in_jit", "CliDebuggerTest", "debugger_test.py", "tests", "jax", ""], "setup": {"duration": 0.0001911921426653862, "outcome": "passed"}, "call": {"duration": 0.0448300875723362, "outcome": "passed"}, "teardown": {"duration": 0.00010345317423343658, "outcome": "passed"}}, {"nodeid": "tests/debugger_test.py::CliDebuggerTest::test_debugger_can_work_with_multiple_stack_frames", "lineno": 165, "outcome": "passed", "keywords": ["test_debugger_can_work_with_multiple_stack_frames", "CliDebuggerTest", "debugger_test.py", "tests", "jax", ""], "setup": {"duration": 0.00017702113837003708, "outcome": "passed"}, "call": {"duration": 0.16988528054207563, "outcome": "passed"}, "teardown": {"duration": 0.00011449865996837616, "outcome": "passed"}}, {"nodeid": "tests/debugger_test.py::CliDebuggerTest::test_debugger_eof", "lineno": 55, "outcome": "passed", "keywords": ["test_debugger_eof", "CliDebuggerTest", "debugger_test.py", "tests", "jax", ""], "setup": {"duration": 0.0001897299662232399, "outcome": "passed"}, "call": {"duration": 0.025170525535941124, "outcome": "passed", "stderr": "ERROR:2025-11-20 00:10:44,982:jax._src.debugging:100: jax.debug.callback failed\nTraceback (most recent call last):\n  File \"/usr/local/lib/python3.12/dist-packages/jax/_src/debugging.py\", line 98, in debug_callback_impl\n    callback(*args)\n  File \"/usr/local/lib/python3.12/dist-packages/jax/_src/debugging.py\", line 460, in _flat_callback\n    callback(*args, **kwargs)\n  File \"/usr/local/lib/python3.12/dist-packages/jax/_src/debugger/core.py\", line 221, in _breakpoint_callback\n    debugger(frames, thread_id, **kwargs)\n  File \"/usr/local/lib/python3.12/dist-packages/jax/_src/debugger/cli_debugger.py\", line 167, in run_debugger\n    CliDebugger(frames, thread_id, **kwargs).run()\n  File \"/usr/local/lib/python3.12/dist-packages/jax/_src/debugger/cli_debugger.py\", line 160, in run\n    self.cmdloop()\n  File \"/usr/lib/python3.12/cmd.py\", line 138, in cmdloop\n    stop = self.onecmd(line)\n           ^^^^^^^^^^^^^^^^^\n  File \"/usr/lib/python3.12/cmd.py\", line 217, in onecmd\n    return func(arg)\n           ^^^^^^^^^\n  File \"/usr/local/lib/python3.12/dist-packages/jax/_src/debugger/cli_debugger.py\", line 146, in do_quit\n    sys.exit(0)\nSystemExit: 0\n", "log": [{"name": "jax._src.debugging", "msg": "jax.debug.callback failed", "args": null, "levelname": "ERROR", "levelno": 40, "pathname": "/usr/local/lib/python3.12/dist-packages/jax/_src/debugging.py", "filename": "debugging.py", "module": "debugging", "exc_info": null, "exc_text": "Traceback (most recent call last):\n  File \"/usr/local/lib/python3.12/dist-packages/jax/_src/debugging.py\", line 98, in debug_callback_impl\n    callback(*args)\n  File \"/usr/local/lib/python3.12/dist-packages/jax/_src/debugging.py\", line 460, in _flat_callback\n    callback(*args, **kwargs)\n  File \"/usr/local/lib/python3.12/dist-packages/jax/_src/debugger/core.py\", line 221, in _breakpoint_callback\n    debugger(frames, thread_id, **kwargs)\n  File \"/usr/local/lib/python3.12/dist-packages/jax/_src/debugger/cli_debugger.py\", line 167, in run_debugger\n    CliDebugger(frames, thread_id, **kwargs).run()\n  File \"/usr/local/lib/python3.12/dist-packages/jax/_src/debugger/cli_debugger.py\", line 160, in run\n    self.cmdloop()\n  File \"/usr/lib/python3.12/cmd.py\", line 138, in cmdloop\n    stop = self.onecmd(line)\n           ^^^^^^^^^^^^^^^^^\n  File \"/usr/lib/python3.12/cmd.py\", line 217, in onecmd\n    return func(arg)\n           ^^^^^^^^^\n  File \"/usr/local/lib/python3.12/dist-packages/jax/_src/debugger/cli_debugger.py\", line 146, in do_quit\n    sys.exit(0)\nSystemExit: 0", "stack_info": null, "lineno": 100, "funcName": "debug_callback_impl", "created": 1763597444.9826758, "msecs": 982.0, "relativeCreated": 15437.713861465454, "thread": 139815102239040, "threadName": "MainThread", "processName": "MainProcess", "process": 2436450, "taskName": null, "asctime": "2025-11-20 00:10:44,982"}]}, "teardown": {"duration": 0.00014878995716571808, "outcome": "passed"}}, {"nodeid": "tests/debugger_test.py::CliDebuggerTest::test_debugger_uses_local_before_global_scope", "lineno": 307, "outcome": "passed", "keywords": ["test_debugger_uses_local_before_global_scope", "CliDebuggerTest", "debugger_test.py", "tests", "jax", ""], "setup": {"duration": 0.00016140751540660858, "outcome": "passed"}, "call": {"duration": 0.02070936094969511, "outcome": "passed"}, "teardown": {"duration": 8.800998330116272e-05, "outcome": "passed"}}, {"nodeid": "tests/debugger_test.py::CliDebuggerTest::test_debugger_works_with_jit", "lineno": 277, "outcome": "skipped", "keywords": ["test_debugger_works_with_jit", "CliDebuggerTest", "debugger_test.py", "tests", "jax", ""], "setup": {"duration": 0.00015580002218484879, "outcome": "passed"}, "call": {"duration": 0.00037476327270269394, "outcome": "skipped", "longrepr": "('/dockerx/rocm/rocm-jax/jax/tests/debugger_test.py', 278, \"Skipped: `pjit` doesn't work with CustomCall.\")"}, "teardown": {"duration": 7.889606058597565e-05, "outcome": "passed"}}, {"nodeid": "tests/debugger_test.py::CliDebuggerTest::test_debugger_works_with_pmap", "lineno": 252, "outcome": "passed", "keywords": ["test_debugger_works_with_pmap", "CliDebuggerTest", "debugger_test.py", "tests", "jax", ""], "setup": {"duration": 0.0001354403793811798, "outcome": "passed"}, "call": {"duration": 1.4713236475363374, "outcome": "passed"}, "teardown": {"duration": 0.00011937599629163742, "outcome": "passed"}}, {"nodeid": "tests/debugger_test.py::CliDebuggerTest::test_debugger_works_with_vmap", "lineno": 228, "outcome": "passed", "keywords": ["test_debugger_works_with_vmap", "CliDebuggerTest", "debugger_test.py", "tests", "jax", ""], "setup": {"duration": 0.00022162683308124542, "outcome": "passed"}, "call": {"duration": 0.10934918746352196, "outcome": "passed"}, "teardown": {"duration": 0.00022062472999095917, "outcome": "passed"}}]}